10:33:27.377 [debug] Child {LoggerFileBackend, :general_log} of Supervisor Logger.Backends.Supervisor started
Pid: #PID<0.114.0>
Start Call: Logger.Backends.Watcher.start_link({{LoggerFileBackend, :general_log}, {LoggerFileBackend, :general_log}})
Restart: :transient
Shutdown: 5000
Type: :worker
10:33:27.377 [info] Child Logger.Backends.Supervisor of Supervisor Logger.Backends.Internal started
Pid: #PID<0.113.0>
Start Call: Logger.Backends.Supervisor.start_link([{LoggerFileBackend, :general_log}])
Restart: :permanent
Shutdown: :infinity
Type: :supervisor
10:33:27.377 [info] Child Logger.Backends.Internal of Supervisor Logger.Supervisor started
Pid: #PID<0.109.0>
Start Call: Logger.Backends.Internal.start_link([])
Restart: :permanent
Shutdown: :infinity
Type: :supervisor
10:33:27.377 [info] Application logger started at :nonode@nohost
10:33:28.235 [info] Child :ttb_autostart of Supervisor :runtime_tools_sup started
Pid: #PID<0.1539.0>
Start Call: :ttb_autostart.start_link()
Restart: :temporary
Shutdown: 3000
Type: :worker
10:33:28.235 [info] Application runtime_tools started at :nonode@nohost
10:33:28.235 [info] Application erts started at :nonode@nohost
10:33:28.235 [info] Application lx_lexical_shared started at :nonode@nohost
10:33:28.235 [info] Application lx_lexical_test started at :nonode@nohost
10:33:28.236 [info] Child LXSnowflake.Generator of Supervisor #PID<0.1542.0> (Supervisor.Default) started
Pid: #PID<0.1543.0>
Start Call: LXSnowflake.Generator.start_link(1704070800000, 1)
Restart: :permanent
Shutdown: 5000
Type: :worker
10:33:28.236 [info] Application lx_snowflake started at :nonode@nohost
10:33:28.236 [info] Application lx_sourceror started at :nonode@nohost
10:33:28.236 [info] Application lx_common started at :nonode@nohost
10:33:28.236 [info] Application lx_elixir_sense started at :nonode@nohost
10:33:28.238 [info] Application jason started at :nonode@nohost
10:33:28.238 [info] Application logger_file_backend started at :nonode@nohost
10:33:28.238 [info] Application lx_path_glob started at :nonode@nohost
10:33:28.238 [info] Application lx_proto started at :nonode@nohost
10:33:28.238 [info] Application lx_protocol started at :nonode@nohost
10:33:28.252 [info] Child LXical.Document.Store of Supervisor LXical.Server.Supervisor started
Pid: #PID<0.1547.0>
Start Call: LXical.Document.Store.start_link([derive: [analysis: &LXical.Ast.analyze/1]])
Restart: :permanent
Shutdown: 5000
Type: :worker
10:33:28.255 [info] Child LXical.Server of Supervisor LXical.Server.Supervisor started
Pid: #PID<0.1548.0>
Start Call: LXical.Server.start_link([])
Restart: :permanent
Shutdown: 5000
Type: :worker
10:33:28.255 [info] Child LXical.Server.ProjectSupervisor of Supervisor LXical.Server.Supervisor started
Pid: #PID<0.1549.0>
Start Call: DynamicSupervisor.start_link([name: LXical.Server.ProjectSupervisor, strategy: :one_for_one])
Restart: :permanent
Shutdown: :infinity
Type: :supervisor
10:33:28.255 [info] Child LXical.Server.TaskQueue.State.TaskSupervisor of Supervisor LXical.Server.Supervisor started
Pid: #PID<0.1550.0>
Start Call: Task.Supervisor.start_link([name: LXical.Server.TaskQueue.State.TaskSupervisor])
Restart: :permanent
Shutdown: :infinity
Type: :supervisor
10:33:28.255 [info] Child LXical.Server.TaskQueue of Supervisor LXical.Server.Supervisor started
Pid: #PID<0.1551.0>
Start Call: LXical.Server.TaskQueue.start_link([])
Restart: :permanent
Shutdown: 5000
Type: :worker
10:33:28.255 [info] Child LXical.Server.Transport.StdIO of Supervisor LXical.Server.Supervisor started
Pid: #PID<0.1552.0>
Start Call: LXical.Server.Transport.StdIO.start_link(:standard_io, &LXical.Server.protocol_message/1)
Restart: :permanent
Shutdown: 5000
Type: :worker
10:33:28.255 [info] Application lx_server started at :nonode@nohost
10:33:28.272 [info] Starting project at uri file:///home/cgreen/caracara
10:33:28.289 [info] Child {LXical.Server.Project.Progress, "caracara"} of Supervisor :"caracara::supervisor" started
Pid: #PID<0.1554.0>
Start Call: LXical.Server.Project.Progress.start_link(%LXical.Project{root_uri: "file:///home/cgreen/caracara", mix_exs_uri: "file:///home/cgreen/caracara/mix.exs", mix_project?: true, mix_env: nil, mix_target: nil, env_variables: %{}, project_module: nil, entropy: 45156})
Restart: :permanent
Shutdown: 5000
Type: :worker
10:33:28.293 [info] Child {LXical.RemoteControl.ProjectNodeSupervisor, "caracara"} of Supervisor :"caracara::supervisor" started
Pid: #PID<0.1555.0>
Start Call: LXical.RemoteControl.ProjectNodeSupervisor.start_link(%LXical.Project{root_uri: "file:///home/cgreen/caracara", mix_exs_uri: "file:///home/cgreen/caracara/mix.exs", mix_project?: true, mix_env: nil, mix_target: nil, env_variables: %{}, project_module: nil, entropy: 45156})
Restart: :permanent
Shutdown: 5000
Type: :worker
10:33:28.302 [info] Child :erl_epmd of Supervisor :net_sup started
Pid: #PID<0.1558.0>
Start Call: :erl_epmd.start_link()
Restart: :permanent
Shutdown: 2000
Type: :worker
10:33:28.303 [info] Child :auth of Supervisor :net_sup started
Pid: #PID<0.1559.0>
Start Call: :auth.start_link()
Restart: :permanent
Shutdown: 2000
Type: :worker
10:33:28.306 [info] Child :net_kernel of Supervisor :net_sup started
Pid: #PID<0.1560.0>
Start Call: :net_kernel.start_link(%{name: :"manager-caracara-45156@127.0.0.1", supervisor: :net_sup_dynamic, name_domain: :longnames, clean_halt: false})
Restart: :permanent
Shutdown: 2000
Type: :worker
10:33:28.306 [debug] Child :net_sup_dynamic of Supervisor :kernel_sup started
Pid: #PID<0.1557.0>
Start Call: :erl_distribution.start_link(%{name: :"manager-caracara-45156@127.0.0.1", supervisor: :net_sup_dynamic, name_domain: :longnames, clean_halt: false})
Restart: :permanent
Shutdown: 1000
Type: :supervisor
10:33:28.789 [info] Child {LXical.Server.Project.Node, "caracara"} of Supervisor :"caracara::supervisor" started
Pid: #PID<0.1556.0>
Start Call: LXical.Server.Project.Node.start_link(%LXical.Project{root_uri: "file:///home/cgreen/caracara", mix_exs_uri: "file:///home/cgreen/caracara/mix.exs", mix_project?: true, mix_env: nil, mix_target: nil, env_variables: %{}, project_module: nil, entropy: 45156})
Restart: :permanent
Shutdown: 5000
Type: :worker
10:33:28.791 [info] Child {LXical.Server.Project.Diagnostics, "caracara"} of Supervisor :"caracara::supervisor" started
Pid: #PID<0.1568.0>
Start Call: LXical.Server.Project.Diagnostics.start_link(%LXical.Project{root_uri: "file:///home/cgreen/caracara", mix_exs_uri: "file:///home/cgreen/caracara/mix.exs", mix_project?: true, mix_env: nil, mix_target: nil, env_variables: %{}, project_module: nil, entropy: 45156})
Restart: :permanent
Shutdown: 5000
Type: :worker
10:33:28.794 [info] Child {LXical.Server.Project.Intelligence, "caracara"} of Supervisor :"caracara::supervisor" started
Pid: #PID<0.1569.0>
Start Call: LXical.Server.Project.Intelligence.start_link(%LXical.Project{root_uri: "file:///home/cgreen/caracara", mix_exs_uri: "file:///home/cgreen/caracara/mix.exs", mix_project?: true, mix_env: nil, mix_target: nil, env_variables: %{}, project_module: nil, entropy: 45156})
Restart: :permanent
Shutdown: 5000
Type: :worker
10:33:28.795 [info] Child LXical.Server.Project.SearchListener of Supervisor :"caracara::supervisor" started
Pid: #PID<0.1570.0>
Start Call: LXical.Server.Project.SearchListener.start_link(%LXical.Project{root_uri: "file:///home/cgreen/caracara", mix_exs_uri: "file:///home/cgreen/caracara/mix.exs", mix_project?: true, mix_env: nil, mix_target: nil, env_variables: %{}, project_module: nil, entropy: 45156})
Restart: :permanent
Shutdown: 5000
Type: :worker
10:33:28.796 [info] Lexical Initialized
10:33:28.796 [info] opened file:///home/cgreen/caracara/lib/caracara_web/router.ex
10:33:30.242 [info] Compiled caracara in 1.4 seconds
10:33:35.207 [error] Shutting down
10:33:35.216 [warning] Received an Exit notification. Halting the server in 150ms
10:33:35.216 [debug] Child :timer_server of Supervisor :kernel_sup started
Pid: #PID<0.1571.0>
Start Call: :timer.start_link()
Restart: :permanent
Shutdown: 1000
Type: :worker
10:33:35.216 [error] stdio received :eof, server will stop.
10:33:35.216 [error] Child LXical.Server.Transport.StdIO of Supervisor LXical.Server.Supervisor terminated
** (exit) normal
Pid: #PID<0.1552.0>
Start Call: LXical.Server.Transport.StdIO.start_link(:standard_io, &LXical.Server.protocol_message/1)
Restart: :permanent
Shutdown: 5000
Type: :worker
10:33:35.216 [info] Child LXical.Server.Transport.StdIO of Supervisor LXical.Server.Supervisor started
Pid: #PID<0.1572.0>
Start Call: LXical.Server.Transport.StdIO.start_link(:standard_io, &LXical.Server.protocol_message/1)
Restart: :permanent
Shutdown: 5000
Type: :worker
